09:41:11.140 [main] INFO  com.github.hrn.practice.main.MainApplication - Starting MainApplication on hurongnadeMacPro.local with PID 1280 (/Users/hurongna/IdeaProjectsBJ/practiceproject/main/target/classes started by hurongna in /Users/hurongna/IdeaProjectsBJ/practiceproject)
09:41:11.179 [main] INFO  com.github.hrn.practice.main.MainApplication - No active profile set, falling back to default profiles: default
09:41:12.015 [main] INFO  org.apache.coyote.http11.Http11NioProtocol - Initializing ProtocolHandler ["http-nio-8080"]
09:41:12.021 [main] INFO  org.apache.catalina.core.StandardService - Starting service [Tomcat]
09:41:12.022 [main] INFO  org.apache.catalina.core.StandardEngine - Starting Servlet engine: [Apache Tomcat/9.0.16]
09:41:12.027 [main] INFO  org.apache.catalina.core.AprLifecycleListener - The APR based Apache Tomcat Native library which allows optimal performance in production environments was not found on the java.library.path: [/Users/hurongna/Library/Java/Extensions:/Library/Java/Extensions:/Network/Library/Java/Extensions:/System/Library/Java/Extensions:/usr/lib/java:.]
09:41:12.105 [main] INFO  org.apache.catalina.core.ContainerBase.[Tomcat].[localhost].[/] - Initializing Spring embedded WebApplicationContext
09:41:12.564 [main] INFO  org.apache.coyote.http11.Http11NioProtocol - Starting ProtocolHandler ["http-nio-8080"]
09:41:12.591 [main] INFO  com.github.hrn.practice.main.MainApplication - Started MainApplication in 1.73 seconds (JVM running for 4.175)
09:45:06.186 [main] INFO  com.github.hrn.practice.main.MainApplication - Starting MainApplication on hurongnadeMacPro.local with PID 1468 (/Users/hurongna/IdeaProjectsBJ/practiceproject/main/target/classes started by hurongna in /Users/hurongna/IdeaProjectsBJ/practiceproject)
09:45:06.190 [main] INFO  com.github.hrn.practice.main.MainApplication - No active profile set, falling back to default profiles: default
09:45:06.891 [main] INFO  org.apache.coyote.http11.Http11NioProtocol - Initializing ProtocolHandler ["http-nio-8080"]
09:45:06.898 [main] INFO  org.apache.catalina.core.StandardService - Starting service [Tomcat]
09:45:06.898 [main] INFO  org.apache.catalina.core.StandardEngine - Starting Servlet engine: [Apache Tomcat/9.0.16]
09:45:06.904 [main] INFO  org.apache.catalina.core.AprLifecycleListener - The APR based Apache Tomcat Native library which allows optimal performance in production environments was not found on the java.library.path: [/Users/hurongna/Library/Java/Extensions:/Library/Java/Extensions:/Network/Library/Java/Extensions:/System/Library/Java/Extensions:/usr/lib/java:.]
09:45:06.973 [main] INFO  org.apache.catalina.core.ContainerBase.[Tomcat].[localhost].[/] - Initializing Spring embedded WebApplicationContext
09:45:07.369 [main] INFO  org.apache.coyote.http11.Http11NioProtocol - Starting ProtocolHandler ["http-nio-8080"]
09:45:07.388 [main] ERROR org.apache.catalina.util.LifecycleBase - Failed to start component [Connector[HTTP/1.1-8080]]
org.apache.catalina.LifecycleException: Protocol handler start failed
	at org.apache.catalina.connector.Connector.startInternal(Connector.java:1008) ~[tomcat-embed-core-9.0.16.jar:9.0.16]
	at org.apache.catalina.util.LifecycleBase.start(LifecycleBase.java:183) [tomcat-embed-core-9.0.16.jar:9.0.16]
	at org.apache.catalina.core.StandardService.addConnector(StandardService.java:226) [tomcat-embed-core-9.0.16.jar:9.0.16]
	at org.springframework.boot.web.embedded.tomcat.TomcatWebServer.addPreviouslyRemovedConnectors(TomcatWebServer.java:259) [spring-boot-2.1.3.RELEASE.jar:2.1.3.RELEASE]
	at org.springframework.boot.web.embedded.tomcat.TomcatWebServer.start(TomcatWebServer.java:197) [spring-boot-2.1.3.RELEASE.jar:2.1.3.RELEASE]
	at org.springframework.boot.web.servlet.context.ServletWebServerApplicationContext.startWebServer(ServletWebServerApplicationContext.java:311) [spring-boot-2.1.3.RELEASE.jar:2.1.3.RELEASE]
	at org.springframework.boot.web.servlet.context.ServletWebServerApplicationContext.finishRefresh(ServletWebServerApplicationContext.java:164) [spring-boot-2.1.3.RELEASE.jar:2.1.3.RELEASE]
	at org.springframework.context.support.AbstractApplicationContext.refresh(AbstractApplicationContext.java:552) [spring-context-5.1.5.RELEASE.jar:5.1.5.RELEASE]
	at org.springframework.boot.web.servlet.context.ServletWebServerApplicationContext.refresh(ServletWebServerApplicationContext.java:142) [spring-boot-2.1.3.RELEASE.jar:2.1.3.RELEASE]
	at org.springframework.boot.SpringApplication.refresh(SpringApplication.java:775) [spring-boot-2.1.3.RELEASE.jar:2.1.3.RELEASE]
	at org.springframework.boot.SpringApplication.refreshContext(SpringApplication.java:397) [spring-boot-2.1.3.RELEASE.jar:2.1.3.RELEASE]
	at org.springframework.boot.SpringApplication.run(SpringApplication.java:316) [spring-boot-2.1.3.RELEASE.jar:2.1.3.RELEASE]
	at org.springframework.boot.SpringApplication.run(SpringApplication.java:1260) [spring-boot-2.1.3.RELEASE.jar:2.1.3.RELEASE]
	at org.springframework.boot.SpringApplication.run(SpringApplication.java:1248) [spring-boot-2.1.3.RELEASE.jar:2.1.3.RELEASE]
	at com.github.hrn.practice.main.MainApplication.main(MainApplication.java:27) [classes/:?]
Caused by: java.net.BindException: Address already in use
	at sun.nio.ch.Net.bind0(Native Method) ~[?:1.8.0_60]
	at sun.nio.ch.Net.bind(Net.java:433) ~[?:1.8.0_60]
	at sun.nio.ch.Net.bind(Net.java:425) ~[?:1.8.0_60]
	at sun.nio.ch.ServerSocketChannelImpl.bind(ServerSocketChannelImpl.java:223) ~[?:1.8.0_60]
	at sun.nio.ch.ServerSocketAdaptor.bind(ServerSocketAdaptor.java:74) ~[?:1.8.0_60]
	at org.apache.tomcat.util.net.NioEndpoint.initServerSocket(NioEndpoint.java:236) ~[tomcat-embed-core-9.0.16.jar:9.0.16]
	at org.apache.tomcat.util.net.NioEndpoint.bind(NioEndpoint.java:210) ~[tomcat-embed-core-9.0.16.jar:9.0.16]
	at org.apache.tomcat.util.net.AbstractEndpoint.bindWithCleanup(AbstractEndpoint.java:1085) ~[tomcat-embed-core-9.0.16.jar:9.0.16]
	at org.apache.tomcat.util.net.AbstractEndpoint.start(AbstractEndpoint.java:1171) ~[tomcat-embed-core-9.0.16.jar:9.0.16]
	at org.apache.coyote.AbstractProtocol.start(AbstractProtocol.java:568) ~[tomcat-embed-core-9.0.16.jar:9.0.16]
	at org.apache.catalina.connector.Connector.startInternal(Connector.java:1005) ~[tomcat-embed-core-9.0.16.jar:9.0.16]
	... 14 more
09:45:07.407 [main] INFO  org.apache.coyote.http11.Http11NioProtocol - Pausing ProtocolHandler ["http-nio-8080"]
09:45:07.407 [main] INFO  org.apache.catalina.core.StandardService - Stopping service [Tomcat]
09:45:07.414 [main] INFO  org.apache.catalina.util.LifecycleBase - The stop() method was called on component [StandardServer[-1]] after stop() had already been called. The second call will be ignored.
09:45:07.415 [main] INFO  org.apache.coyote.http11.Http11NioProtocol - Stopping ProtocolHandler ["http-nio-8080"]
09:45:07.415 [main] INFO  org.apache.coyote.http11.Http11NioProtocol - Destroying ProtocolHandler ["http-nio-8080"]
09:55:14.749 [main] INFO  com.github.hrn.practice.main.MainApplication - Starting MainApplication on hurongnadeMacPro.local with PID 1904 (/Users/hurongna/IdeaProjectsBJ/practiceproject/main/target/classes started by hurongna in /Users/hurongna/IdeaProjectsBJ/practiceproject)
09:55:14.755 [main] INFO  com.github.hrn.practice.main.MainApplication - No active profile set, falling back to default profiles: default
09:55:15.642 [main] INFO  org.apache.coyote.http11.Http11NioProtocol - Initializing ProtocolHandler ["http-nio-8080"]
09:55:15.657 [main] INFO  org.apache.catalina.core.StandardService - Starting service [Tomcat]
09:55:15.657 [main] INFO  org.apache.catalina.core.StandardEngine - Starting Servlet engine: [Apache Tomcat/9.0.16]
09:55:15.663 [main] INFO  org.apache.catalina.core.AprLifecycleListener - The APR based Apache Tomcat Native library which allows optimal performance in production environments was not found on the java.library.path: [/Users/hurongna/Library/Java/Extensions:/Library/Java/Extensions:/Network/Library/Java/Extensions:/System/Library/Java/Extensions:/usr/lib/java:.]
09:55:15.724 [main] INFO  org.apache.catalina.core.ContainerBase.[Tomcat].[localhost].[/] - Initializing Spring embedded WebApplicationContext
09:55:16.174 [main] INFO  org.apache.coyote.http11.Http11NioProtocol - Starting ProtocolHandler ["http-nio-8080"]
09:55:16.220 [main] INFO  com.github.hrn.practice.main.MainApplication - Started MainApplication in 1.756 seconds (JVM running for 2.477)
09:56:47.031 [main] INFO  com.github.hrn.practice.main.MainApplication - Starting MainApplication on hurongnadeMacPro.local with PID 1964 (/Users/hurongna/IdeaProjectsBJ/practiceproject/main/target/classes started by hurongna in /Users/hurongna/IdeaProjectsBJ/practiceproject)
09:56:47.035 [main] INFO  com.github.hrn.practice.main.MainApplication - No active profile set, falling back to default profiles: default
09:56:47.893 [main] INFO  org.apache.coyote.http11.Http11NioProtocol - Initializing ProtocolHandler ["http-nio-8080"]
09:56:47.902 [main] INFO  org.apache.catalina.core.StandardService - Starting service [Tomcat]
09:56:47.903 [main] INFO  org.apache.catalina.core.StandardEngine - Starting Servlet engine: [Apache Tomcat/9.0.16]
09:56:47.909 [main] INFO  org.apache.catalina.core.AprLifecycleListener - The APR based Apache Tomcat Native library which allows optimal performance in production environments was not found on the java.library.path: [/Users/hurongna/Library/Java/Extensions:/Library/Java/Extensions:/Network/Library/Java/Extensions:/System/Library/Java/Extensions:/usr/lib/java:.]
09:56:47.986 [main] INFO  org.apache.catalina.core.ContainerBase.[Tomcat].[localhost].[/] - Initializing Spring embedded WebApplicationContext
09:56:48.486 [main] INFO  org.apache.coyote.http11.Http11NioProtocol - Starting ProtocolHandler ["http-nio-8080"]
09:56:48.515 [main] INFO  com.github.hrn.practice.main.MainApplication - Started MainApplication in 1.704 seconds (JVM running for 2.394)
09:58:26.957 [main] INFO  com.github.hrn.practice.main.MainApplication - Starting MainApplication on hurongnadeMacPro.local with PID 2047 (/Users/hurongna/IdeaProjectsBJ/practiceproject/main/target/classes started by hurongna in /Users/hurongna/IdeaProjectsBJ/practiceproject)
09:58:26.963 [main] INFO  com.github.hrn.practice.main.MainApplication - No active profile set, falling back to default profiles: default
09:58:27.867 [main] INFO  org.apache.coyote.http11.Http11NioProtocol - Initializing ProtocolHandler ["http-nio-8080"]
09:58:27.873 [main] INFO  org.apache.catalina.core.StandardService - Starting service [Tomcat]
09:58:27.874 [main] INFO  org.apache.catalina.core.StandardEngine - Starting Servlet engine: [Apache Tomcat/9.0.16]
09:58:27.879 [main] INFO  org.apache.catalina.core.AprLifecycleListener - The APR based Apache Tomcat Native library which allows optimal performance in production environments was not found on the java.library.path: [/Users/hurongna/Library/Java/Extensions:/Library/Java/Extensions:/Network/Library/Java/Extensions:/System/Library/Java/Extensions:/usr/lib/java:.]
09:58:27.938 [main] INFO  org.apache.catalina.core.ContainerBase.[Tomcat].[localhost].[/] - Initializing Spring embedded WebApplicationContext
09:58:28.342 [main] INFO  org.apache.coyote.http11.Http11NioProtocol - Starting ProtocolHandler ["http-nio-8080"]
09:58:28.372 [main] INFO  com.github.hrn.practice.main.MainApplication - Started MainApplication in 1.666 seconds (JVM running for 2.405)
